# JRE version: OpenJDK Runtime Environment (8.0_152-b01) (build 1.8.0_152-release-1343-b01)
# Java VM: OpenJDK 64-Bit Server VM (25.152-b01 mixed mode windows-amd64 compressed oops)
Heap:
 PSYoungGen      total 133120K, used 110966K [0x00000000e0000000, 0x00000000e9100000, 0x0000000100000000)
  eden space 121856K, 83% used [0x00000000e0000000,0x00000000e62ced18,0x00000000e7700000)
  from space 11264K, 86% used [0x00000000e8600000,0x00000000e8f8ee88,0x00000000e9100000)
  to   space 13312K, 0% used [0x00000000e7700000,0x00000000e7700000,0x00000000e8400000)
 ParOldGen       total 87552K, used 31944K [0x00000000a0000000, 0x00000000a5580000, 0x00000000e0000000)
  object space 87552K, 36% used [0x00000000a0000000,0x00000000a1f32338,0x00000000a5580000)
 Metaspace       used 67017K, capacity 68978K, committed 69144K, reserved 1110016K
  class space    used 8988K, capacity 9462K, committed 9512K, reserved 1048576K
GC Heap History (10 events):
Event: 34.588 GC heap before
{Heap before GC invocations=17 (full 2):
 PSYoungGen      total 93184K, used 86016K [0x00000000e0000000, 0x00000000e6580000, 0x0000000100000000)
  eden space 86016K, 100% used [0x00000000e0000000,0x00000000e5400000,0x00000000e5400000)
  from space 7168K, 0% used [0x00000000e5b00000,0x00000000e5b00000,0x00000000e6200000)
  to   space 7168K, 0% used [0x00000000e5400000,0x00000000e5400000,0x00000000e5b00000)
 ParOldGen       total 54784K, used 15272K [0x00000000a0000000, 0x00000000a3580000, 0x00000000e0000000)
  object space 54784K, 27% used [0x00000000a0000000,0x00000000a0eea260,0x00000000a3580000)
 Metaspace       used 43995K, capacity 44910K, committed 45096K, reserved 1087488K
  class space    used 5896K, capacity 6157K, committed 6184K, reserved 1048576K
Event: 34.611 GC heap after
Heap after GC invocations=17 (full 2):
 PSYoungGen      total 93184K, used 7136K [0x00000000e0000000, 0x00000000e7f00000, 0x0000000100000000)
  eden space 86016K, 0% used [0x00000000e0000000,0x00000000e0000000,0x00000000e5400000)
  from space 7168K, 99% used [0x00000000e5400000,0x00000000e5af81c0,0x00000000e5b00000)
  to   space 9728K, 0% used [0x00000000e7580000,0x00000000e7580000,0x00000000e7f00000)
 ParOldGen       total 54784K, used 19871K [0x00000000a0000000, 0x00000000a3580000, 0x00000000e0000000)
  object space 54784K, 36% used [0x00000000a0000000,0x00000000a1367f40,0x00000000a3580000)
 Metaspace       used 43995K, capacity 44910K, committed 45096K, reserved 1087488K
  class space    used 5896K, capacity 6157K, committed 6184K, reserved 1048576K
}
Event: 44.379 GC heap before
{Heap before GC invocations=18 (full 2):
 PSYoungGen      total 93184K, used 93152K [0x00000000e0000000, 0x00000000e7f00000, 0x0000000100000000)
  eden space 86016K, 100% used [0x00000000e0000000,0x00000000e5400000,0x00000000e5400000)
  from space 7168K, 99% used [0x00000000e5400000,0x00000000e5af81c0,0x00000000e5b00000)
  to   space 9728K, 0% used [0x00000000e7580000,0x00000000e7580000,0x00000000e7f00000)
 ParOldGen       total 54784K, used 19871K [0x00000000a0000000, 0x00000000a3580000, 0x00000000e0000000)
  object space 54784K, 36% used [0x00000000a0000000,0x00000000a1367f40,0x00000000a3580000)
 Metaspace       used 51420K, capacity 52460K, committed 52520K, reserved 1095680K
  class space    used 6873K, capacity 7181K, committed 7208K, reserved 1048576K
Event: 44.400 GC heap after
Heap after GC invocations=18 (full 2):
 PSYoungGen      total 115712K, used 7950K [0x00000000e0000000, 0x00000000e7d80000, 0x0000000100000000)
  eden space 107520K, 0% used [0x00000000e0000000,0x00000000e0000000,0x00000000e6900000)
  from space 8192K, 97% used [0x00000000e7580000,0x00000000e7d43ae8,0x00000000e7d80000)
  to   space 10240K, 0% used [0x00000000e6980000,0x00000000e6980000,0x00000000e7380000)
 ParOldGen       total 54784K, used 25219K [0x00000000a0000000, 0x00000000a3580000, 0x00000000e0000000)
  object space 54784K, 46% used [0x00000000a0000000,0x00000000a18a0d38,0x00000000a3580000)
 Metaspace       used 51420K, capacity 52460K, committed 52520K, reserved 1095680K
  class space    used 6873K, capacity 7181K, committed 7208K, reserved 1048576K
}
Event: 48.387 GC heap before
{Heap before GC invocations=19 (full 2):
 PSYoungGen      total 115712K, used 80949K [0x00000000e0000000, 0x00000000e7d80000, 0x0000000100000000)
  eden space 107520K, 67% used [0x00000000e0000000,0x00000000e4749b18,0x00000000e6900000)
  from space 8192K, 97% used [0x00000000e7580000,0x00000000e7d43ae8,0x00000000e7d80000)
  to   space 10240K, 0% used [0x00000000e6980000,0x00000000e6980000,0x00000000e7380000)
 ParOldGen       total 54784K, used 25219K [0x00000000a0000000, 0x00000000a3580000, 0x00000000e0000000)
  object space 54784K, 46% used [0x00000000a0000000,0x00000000a18a0d38,0x00000000a3580000)
 Metaspace       used 57510K, capacity 59064K, committed 59160K, reserved 1099776K
  class space    used 7757K, capacity 8143K, committed 8232K, reserved 1048576K
Event: 48.414 GC heap after
Heap after GC invocations=19 (full 2):
 PSYoungGen      total 118272K, used 10210K [0x00000000e0000000, 0x00000000e9200000, 0x0000000100000000)
  eden space 108032K, 0% used [0x00000000e0000000,0x00000000e0000000,0x00000000e6980000)
  from space 10240K, 99% used [0x00000000e6980000,0x00000000e73789c0,0x00000000e7380000)
  to   space 12288K, 0% used [0x00000000e8600000,0x00000000e8600000,0x00000000e9200000)
 ParOldGen       total 54784K, used 27450K [0x00000000a0000000, 0x00000000a3580000, 0x00000000e0000000)
  object space 54784K, 50% used [0x00000000a0000000,0x00000000a1ace830,0x00000000a3580000)
 Metaspace       used 57510K, capacity 59064K, committed 59160K, reserved 1099776K
  class space    used 7757K, capacity 8143K, committed 8232K, reserved 1048576K
}
Event: 48.414 GC heap before
{Heap before GC invocations=20 (full 3):
 PSYoungGen      total 118272K, used 10210K [0x00000000e0000000, 0x00000000e9200000, 0x0000000100000000)
  eden space 108032K, 0% used [0x00000000e0000000,0x00000000e0000000,0x00000000e6980000)
  from space 10240K, 99% used [0x00000000e6980000,0x00000000e73789c0,0x00000000e7380000)
  to   space 12288K, 0% used [0x00000000e8600000,0x00000000e8600000,0x00000000e9200000)
 ParOldGen       total 54784K, used 27450K [0x00000000a0000000, 0x00000000a3580000, 0x00000000e0000000)
  object space 54784K, 50% used [0x00000000a0000000,0x00000000a1ace830,0x00000000a3580000)
 Metaspace       used 57510K, capacity 59064K, committed 59160K, reserved 1099776K
  class space    used 7757K, capacity 8143K, committed 8232K, reserved 1048576K
Event: 48.846 GC heap after
Heap after GC invocations=20 (full 3):
 PSYoungGen      total 118272K, used 0K [0x00000000e0000000, 0x00000000e9200000, 0x0000000100000000)
  eden space 108032K, 0% used [0x00000000e0000000,0x00000000e0000000,0x00000000e6980000)
  from space 10240K, 0% used [0x00000000e6980000,0x00000000e6980000,0x00000000e7380000)
  to   space 12288K, 0% used [0x00000000e8600000,0x00000000e8600000,0x00000000e9200000)
 ParOldGen       total 87552K, used 31936K [0x00000000a0000000, 0x00000000a5580000, 0x00000000e0000000)
  object space 87552K, 36% used [0x00000000a0000000,0x00000000a1f30338,0x00000000a5580000)
 Metaspace       used 57510K, capacity 59064K, committed 59160K, reserved 1099776K
  class space    used 7757K, capacity 8143K, committed 8232K, reserved 1048576K
}
Event: 56.384 GC heap before
{Heap before GC invocations=21 (full 3):
 PSYoungGen      total 118272K, used 108032K [0x00000000e0000000, 0x00000000e9200000, 0x0000000100000000)
  eden space 108032K, 100% used [0x00000000e0000000,0x00000000e6980000,0x00000000e6980000)
  from space 10240K, 0% used [0x00000000e6980000,0x00000000e6980000,0x00000000e7380000)
  to   space 12288K, 0% used [0x00000000e8600000,0x00000000e8600000,0x00000000e9200000)
 ParOldGen       total 87552K, used 31936K [0x00000000a0000000, 0x00000000a5580000, 0x00000000e0000000)
  object space 87552K, 36% used [0x00000000a0000000,0x00000000a1f30338,0x00000000a5580000)
 Metaspace       used 61181K, capacity 63024K, committed 63256K, reserved 1103872K
  class space    used 8255K, capacity 8675K, committed 8744K, reserved 1048576K
Event: 56.403 GC heap after
Heap after GC invocations=21 (full 3):
 PSYoungGen      total 133120K, used 9787K [0x00000000e0000000, 0x00000000e9100000, 0x0000000100000000)
  eden space 121856K, 0% used [0x00000000e0000000,0x00000000e0000000,0x00000000e7700000)
  from space 11264K, 86% used [0x00000000e8600000,0x00000000e8f8ee88,0x00000000e9100000)
  to   space 13312K, 0% used [0x00000000e7700000,0x00000000e7700000,0x00000000e8400000)
 ParOldGen       total 87552K, used 31944K [0x00000000a0000000, 0x00000000a5580000, 0x00000000e0000000)
  object space 87552K, 36% used [0x00000000a0000000,0x00000000a1f32338,0x00000000a5580000)
 Metaspace       used 61181K, capacity 63024K, committed 63256K, reserved 1103872K
  class space    used 8255K, capacity 8675K, committed 8744K, reserved 1048576K
}

