# JRE version: OpenJDK Runtime Environment (8.0_152-b01) (build 1.8.0_152-release-1343-b01)
# Java VM: OpenJDK 64-Bit Server VM (25.152-b01 mixed mode windows-amd64 compressed oops)
Heap:
 PSYoungGen      total 106496K, used 21801K [0x00000000e0000000, 0x00000000ea580000, 0x0000000100000000)
  eden space 97792K, 13% used [0x00000000e0000000,0x00000000e0ccd390,0x00000000e5f80000)
  from space 8704K, 99% used [0x00000000e5f80000,0x00000000e67fd0e8,0x00000000e6800000)
  to   space 11776K, 0% used [0x00000000e9a00000,0x00000000e9a00000,0x00000000ea580000)
 ParOldGen       total 44544K, used 19436K [0x00000000a0000000, 0x00000000a2b80000, 0x00000000e0000000)
  object space 44544K, 43% used [0x00000000a0000000,0x00000000a12fb040,0x00000000a2b80000)
 Metaspace       used 45083K, capacity 45986K, committed 46296K, reserved 1089536K
  class space    used 6082K, capacity 6334K, committed 6400K, reserved 1048576K
GC Heap History (10 events):
Event: 20.887 GC heap before
{Heap before GC invocations=13 (full 1):
 PSYoungGen      total 58880K, used 58865K [0x00000000e0000000, 0x00000000e5500000, 0x0000000100000000)
  eden space 52736K, 100% used [0x00000000e0000000,0x00000000e3380000,0x00000000e3380000)
  from space 6144K, 99% used [0x00000000e3380000,0x00000000e397c5d8,0x00000000e3980000)
  to   space 7168K, 0% used [0x00000000e4e00000,0x00000000e4e00000,0x00000000e5500000)
 ParOldGen       total 31744K, used 7864K [0x00000000a0000000, 0x00000000a1f00000, 0x00000000e0000000)
  object space 31744K, 24% used [0x00000000a0000000,0x00000000a07ae1a0,0x00000000a1f00000)
 Metaspace       used 30331K, capacity 30762K, committed 31232K, reserved 1077248K
  class space    used 4139K, capacity 4305K, committed 4352K, reserved 1048576K
Event: 20.917 GC heap after
Heap after GC invocations=13 (full 1):
 PSYoungGen      total 78848K, used 4474K [0x00000000e0000000, 0x00000000e5400000, 0x0000000100000000)
  eden space 72704K, 0% used [0x00000000e0000000,0x00000000e0000000,0x00000000e4700000)
  from space 6144K, 72% used [0x00000000e4e00000,0x00000000e525e8a8,0x00000000e5400000)
  to   space 6656K, 0% used [0x00000000e4700000,0x00000000e4700000,0x00000000e4d80000)
 ParOldGen       total 31744K, used 10600K [0x00000000a0000000, 0x00000000a1f00000, 0x00000000e0000000)
  object space 31744K, 33% used [0x00000000a0000000,0x00000000a0a5a1b0,0x00000000a1f00000)
 Metaspace       used 30331K, capacity 30762K, committed 31232K, reserved 1077248K
  class space    used 4139K, capacity 4305K, committed 4352K, reserved 1048576K
}
Event: 28.821 GC heap before
{Heap before GC invocations=14 (full 1):
 PSYoungGen      total 78848K, used 77178K [0x00000000e0000000, 0x00000000e5400000, 0x0000000100000000)
  eden space 72704K, 100% used [0x00000000e0000000,0x00000000e4700000,0x00000000e4700000)
  from space 6144K, 72% used [0x00000000e4e00000,0x00000000e525e8a8,0x00000000e5400000)
  to   space 6656K, 0% used [0x00000000e4700000,0x00000000e4700000,0x00000000e4d80000)
 ParOldGen       total 31744K, used 10600K [0x00000000a0000000, 0x00000000a1f00000, 0x00000000e0000000)
  object space 31744K, 33% used [0x00000000a0000000,0x00000000a0a5a1b0,0x00000000a1f00000)
 Metaspace       used 34601K, capacity 35202K, committed 35416K, reserved 1079296K
  class space    used 4770K, capacity 4974K, committed 4992K, reserved 1048576K
Event: 28.838 GC heap after
Heap after GC invocations=14 (full 1):
 PSYoungGen      total 79360K, used 6634K [0x00000000e0000000, 0x00000000e7080000, 0x0000000100000000)
  eden space 72704K, 0% used [0x00000000e0000000,0x00000000e0000000,0x00000000e4700000)
  from space 6656K, 99% used [0x00000000e4700000,0x00000000e4d7a9c8,0x00000000e4d80000)
  to   space 8704K, 0% used [0x00000000e6800000,0x00000000e6800000,0x00000000e7080000)
 ParOldGen       total 31744K, used 13114K [0x00000000a0000000, 0x00000000a1f00000, 0x00000000e0000000)
  object space 31744K, 41% used [0x00000000a0000000,0x00000000a0cceb78,0x00000000a1f00000)
 Metaspace       used 34601K, capacity 35202K, committed 35416K, reserved 1079296K
  class space    used 4770K, capacity 4974K, committed 4992K, reserved 1048576K
}
Event: 28.887 GC heap before
{Heap before GC invocations=15 (full 1):
 PSYoungGen      total 79360K, used 8043K [0x00000000e0000000, 0x00000000e7080000, 0x0000000100000000)
  eden space 72704K, 1% used [0x00000000e0000000,0x00000000e0160538,0x00000000e4700000)
  from space 6656K, 99% used [0x00000000e4700000,0x00000000e4d7a9c8,0x00000000e4d80000)
  to   space 8704K, 0% used [0x00000000e6800000,0x00000000e6800000,0x00000000e7080000)
 ParOldGen       total 31744K, used 13114K [0x00000000a0000000, 0x00000000a1f00000, 0x00000000e0000000)
  object space 31744K, 41% used [0x00000000a0000000,0x00000000a0cceb78,0x00000000a1f00000)
 Metaspace       used 34673K, capacity 35266K, committed 35416K, reserved 1079296K
  class space    used 4776K, capacity 4974K, committed 4992K, reserved 1048576K
Event: 28.895 GC heap after
Heap after GC invocations=15 (full 1):
 PSYoungGen      total 106496K, used 256K [0x00000000e0000000, 0x00000000e7c00000, 0x0000000100000000)
  eden space 97792K, 0% used [0x00000000e0000000,0x00000000e0000000,0x00000000e5f80000)
  from space 8704K, 2% used [0x00000000e6800000,0x00000000e6840000,0x00000000e7080000)
  to   space 8704K, 0% used [0x00000000e5f80000,0x00000000e5f80000,0x00000000e6800000)
 ParOldGen       total 31744K, used 16773K [0x00000000a0000000, 0x00000000a1f00000, 0x00000000e0000000)
  object space 31744K, 52% used [0x00000000a0000000,0x00000000a1061478,0x00000000a1f00000)
 Metaspace       used 34673K, capacity 35266K, committed 35416K, reserved 1079296K
  class space    used 4776K, capacity 4974K, committed 4992K, reserved 1048576K
}
Event: 28.895 GC heap before
{Heap before GC invocations=16 (full 2):
 PSYoungGen      total 106496K, used 256K [0x00000000e0000000, 0x00000000e7c00000, 0x0000000100000000)
  eden space 97792K, 0% used [0x00000000e0000000,0x00000000e0000000,0x00000000e5f80000)
  from space 8704K, 2% used [0x00000000e6800000,0x00000000e6840000,0x00000000e7080000)
  to   space 8704K, 0% used [0x00000000e5f80000,0x00000000e5f80000,0x00000000e6800000)
 ParOldGen       total 31744K, used 16773K [0x00000000a0000000, 0x00000000a1f00000, 0x00000000e0000000)
  object space 31744K, 52% used [0x00000000a0000000,0x00000000a1061478,0x00000000a1f00000)
 Metaspace       used 34673K, capacity 35266K, committed 35416K, reserved 1079296K
  class space    used 4776K, capacity 4974K, committed 4992K, reserved 1048576K
Event: 29.003 GC heap after
Heap after GC invocations=16 (full 2):
 PSYoungGen      total 106496K, used 0K [0x00000000e0000000, 0x00000000e7c00000, 0x0000000100000000)
  eden space 97792K, 0% used [0x00000000e0000000,0x00000000e0000000,0x00000000e5f80000)
  from space 8704K, 0% used [0x00000000e6800000,0x00000000e6800000,0x00000000e7080000)
  to   space 8704K, 0% used [0x00000000e5f80000,0x00000000e5f80000,0x00000000e6800000)
 ParOldGen       total 44544K, used 14921K [0x00000000a0000000, 0x00000000a2b80000, 0x00000000e0000000)
  object space 44544K, 33% used [0x00000000a0000000,0x00000000a0e92600,0x00000000a2b80000)
 Metaspace       used 34658K, capacity 35218K, committed 35416K, reserved 1079296K
  class space    used 4771K, capacity 4966K, committed 4992K, reserved 1048576K
}
Event: 35.766 GC heap before
{Heap before GC invocations=17 (full 2):
 PSYoungGen      total 106496K, used 97792K [0x00000000e0000000, 0x00000000e7c00000, 0x0000000100000000)
  eden space 97792K, 100% used [0x00000000e0000000,0x00000000e5f80000,0x00000000e5f80000)
  from space 8704K, 0% used [0x00000000e6800000,0x00000000e6800000,0x00000000e7080000)
  to   space 8704K, 0% used [0x00000000e5f80000,0x00000000e5f80000,0x00000000e6800000)
 ParOldGen       total 44544K, used 14921K [0x00000000a0000000, 0x00000000a2b80000, 0x00000000e0000000)
  object space 44544K, 33% used [0x00000000a0000000,0x00000000a0e92600,0x00000000a2b80000)
 Metaspace       used 44164K, capacity 45052K, committed 45400K, reserved 1089536K
  class space    used 5941K, capacity 6196K, committed 6272K, reserved 1048576K
Event: 35.789 GC heap after
Heap after GC invocations=17 (full 2):
 PSYoungGen      total 106496K, used 8692K [0x00000000e0000000, 0x00000000ea580000, 0x0000000100000000)
  eden space 97792K, 0% used [0x00000000e0000000,0x00000000e0000000,0x00000000e5f80000)
  from space 8704K, 99% used [0x00000000e5f80000,0x00000000e67fd0e8,0x00000000e6800000)
  to   space 11776K, 0% used [0x00000000e9a00000,0x00000000e9a00000,0x00000000ea580000)
 ParOldGen       total 44544K, used 19436K [0x00000000a0000000, 0x00000000a2b80000, 0x00000000e0000000)
  object space 44544K, 43% used [0x00000000a0000000,0x00000000a12fb040,0x00000000a2b80000)
 Metaspace       used 44164K, capacity 45052K, committed 45400K, reserved 1089536K
  class space    used 5941K, capacity 6196K, committed 6272K, reserved 1048576K
}

