# JRE version: OpenJDK Runtime Environment (8.0_152-b01) (build 1.8.0_152-release-1343-b01)
# Java VM: OpenJDK 64-Bit Server VM (25.152-b01 mixed mode windows-amd64 compressed oops)
Heap:
 PSYoungGen      total 34816K, used 25228K [0x00000000e0000000, 0x00000000e3700000, 0x0000000100000000)
  eden space 16384K, 69% used [0x00000000e0000000,0x00000000e0b0d180,0x00000000e1000000)
  from space 18432K, 75% used [0x00000000e2300000,0x00000000e3096070,0x00000000e3500000)
  to   space 19456K, 0% used [0x00000000e1000000,0x00000000e1000000,0x00000000e2300000)
 ParOldGen       total 51712K, used 31863K [0x00000000a0000000, 0x00000000a3280000, 0x00000000e0000000)
  object space 51712K, 61% used [0x00000000a0000000,0x00000000a1f1dcf8,0x00000000a3280000)
 Metaspace       used 63921K, capacity 65860K, committed 66136K, reserved 1105920K
  class space    used 8582K, capacity 9029K, committed 9088K, reserved 1048576K
GC Heap History (10 events):
Event: 214.156 GC heap before
{Heap before GC invocations=35 (full 3):
 PSYoungGen      total 30720K, used 28488K [0x00000000e0000000, 0x00000000e2900000, 0x0000000100000000)
  eden space 20480K, 100% used [0x00000000e0000000,0x00000000e1400000,0x00000000e1400000)
  from space 10240K, 78% used [0x00000000e1480000,0x00000000e1c52010,0x00000000e1e80000)
  to   space 10752K, 0% used [0x00000000e1e80000,0x00000000e1e80000,0x00000000e2900000)
 ParOldGen       total 51712K, used 26828K [0x00000000a0000000, 0x00000000a3280000, 0x00000000e0000000)
  object space 51712K, 51% used [0x00000000a0000000,0x00000000a1a33020,0x00000000a3280000)
 Metaspace       used 61557K, capacity 63406K, committed 63576K, reserved 1103872K
  class space    used 8317K, capacity 8752K, committed 8832K, reserved 1048576K
Event: 214.178 GC heap after
Heap after GC invocations=35 (full 3):
 PSYoungGen      total 29696K, used 10728K [0x00000000e0000000, 0x00000000e2c00000, 0x0000000100000000)
  eden space 18944K, 0% used [0x00000000e0000000,0x00000000e0000000,0x00000000e1280000)
  from space 10752K, 99% used [0x00000000e1e80000,0x00000000e28fa010,0x00000000e2900000)
  to   space 12288K, 0% used [0x00000000e1280000,0x00000000e1280000,0x00000000e1e80000)
 ParOldGen       total 51712K, used 28074K [0x00000000a0000000, 0x00000000a3280000, 0x00000000e0000000)
  object space 51712K, 54% used [0x00000000a0000000,0x00000000a1b6aa68,0x00000000a3280000)
 Metaspace       used 61557K, capacity 63406K, committed 63576K, reserved 1103872K
  class space    used 8317K, capacity 8752K, committed 8832K, reserved 1048576K
}
Event: 216.656 GC heap before
{Heap before GC invocations=36 (full 3):
 PSYoungGen      total 29696K, used 29672K [0x00000000e0000000, 0x00000000e2c00000, 0x0000000100000000)
  eden space 18944K, 100% used [0x00000000e0000000,0x00000000e1280000,0x00000000e1280000)
  from space 10752K, 99% used [0x00000000e1e80000,0x00000000e28fa010,0x00000000e2900000)
  to   space 12288K, 0% used [0x00000000e1280000,0x00000000e1280000,0x00000000e1e80000)
 ParOldGen       total 51712K, used 28074K [0x00000000a0000000, 0x00000000a3280000, 0x00000000e0000000)
  object space 51712K, 54% used [0x00000000a0000000,0x00000000a1b6aa68,0x00000000a3280000)
 Metaspace       used 62456K, capacity 64330K, committed 64344K, reserved 1105920K
  class space    used 8410K, capacity 8824K, committed 8832K, reserved 1048576K
Event: 216.680 GC heap after
Heap after GC invocations=36 (full 3):
 PSYoungGen      total 31232K, used 12264K [0x00000000e0000000, 0x00000000e3080000, 0x0000000100000000)
  eden space 18944K, 0% used [0x00000000e0000000,0x00000000e0000000,0x00000000e1280000)
  from space 12288K, 99% used [0x00000000e1280000,0x00000000e1e7a030,0x00000000e1e80000)
  to   space 15360K, 0% used [0x00000000e2180000,0x00000000e2180000,0x00000000e3080000)
 ParOldGen       total 51712K, used 31839K [0x00000000a0000000, 0x00000000a3280000, 0x00000000e0000000)
  object space 51712K, 61% used [0x00000000a0000000,0x00000000a1f17cf8,0x00000000a3280000)
 Metaspace       used 62456K, capacity 64330K, committed 64344K, reserved 1105920K
  class space    used 8410K, capacity 8824K, committed 8832K, reserved 1048576K
}
Event: 244.003 GC heap before
{Heap before GC invocations=37 (full 3):
 PSYoungGen      total 31232K, used 31208K [0x00000000e0000000, 0x00000000e3080000, 0x0000000100000000)
  eden space 18944K, 100% used [0x00000000e0000000,0x00000000e1280000,0x00000000e1280000)
  from space 12288K, 99% used [0x00000000e1280000,0x00000000e1e7a030,0x00000000e1e80000)
  to   space 15360K, 0% used [0x00000000e2180000,0x00000000e2180000,0x00000000e3080000)
 ParOldGen       total 51712K, used 31839K [0x00000000a0000000, 0x00000000a3280000, 0x00000000e0000000)
  object space 51712K, 61% used [0x00000000a0000000,0x00000000a1f17cf8,0x00000000a3280000)
 Metaspace       used 62752K, capacity 64560K, committed 64728K, reserved 1105920K
  class space    used 8443K, capacity 8857K, committed 8960K, reserved 1048576K
Event: 244.024 GC heap after
Heap after GC invocations=37 (full 3):
 PSYoungGen      total 32768K, used 13288K [0x00000000e0000000, 0x00000000e3380000, 0x0000000100000000)
  eden space 17408K, 0% used [0x00000000e0000000,0x00000000e0000000,0x00000000e1100000)
  from space 15360K, 86% used [0x00000000e2180000,0x00000000e2e7a090,0x00000000e3080000)
  to   space 16896K, 0% used [0x00000000e1100000,0x00000000e1100000,0x00000000e2180000)
 ParOldGen       total 51712K, used 31847K [0x00000000a0000000, 0x00000000a3280000, 0x00000000e0000000)
  object space 51712K, 61% used [0x00000000a0000000,0x00000000a1f19cf8,0x00000000a3280000)
 Metaspace       used 62752K, capacity 64560K, committed 64728K, reserved 1105920K
  class space    used 8443K, capacity 8857K, committed 8960K, reserved 1048576K
}
Event: 345.273 GC heap before
{Heap before GC invocations=38 (full 3):
 PSYoungGen      total 32768K, used 30696K [0x00000000e0000000, 0x00000000e3380000, 0x0000000100000000)
  eden space 17408K, 100% used [0x00000000e0000000,0x00000000e1100000,0x00000000e1100000)
  from space 15360K, 86% used [0x00000000e2180000,0x00000000e2e7a090,0x00000000e3080000)
  to   space 16896K, 0% used [0x00000000e1100000,0x00000000e1100000,0x00000000e2180000)
 ParOldGen       total 51712K, used 31847K [0x00000000a0000000, 0x00000000a3280000, 0x00000000e0000000)
  object space 51712K, 61% used [0x00000000a0000000,0x00000000a1f19cf8,0x00000000a3280000)
 Metaspace       used 63376K, capacity 65246K, committed 65496K, reserved 1105920K
  class space    used 8506K, capacity 8932K, committed 8960K, reserved 1048576K
Event: 345.295 GC heap after
Heap after GC invocations=38 (full 3):
 PSYoungGen      total 34304K, used 15087K [0x00000000e0000000, 0x00000000e3500000, 0x0000000100000000)
  eden space 17408K, 0% used [0x00000000e0000000,0x00000000e0000000,0x00000000e1100000)
  from space 16896K, 89% used [0x00000000e1100000,0x00000000e1fbbfc0,0x00000000e2180000)
  to   space 18432K, 0% used [0x00000000e2300000,0x00000000e2300000,0x00000000e3500000)
 ParOldGen       total 51712K, used 31855K [0x00000000a0000000, 0x00000000a3280000, 0x00000000e0000000)
  object space 51712K, 61% used [0x00000000a0000000,0x00000000a1f1bcf8,0x00000000a3280000)
 Metaspace       used 63376K, capacity 65246K, committed 65496K, reserved 1105920K
  class space    used 8506K, capacity 8932K, committed 8960K, reserved 1048576K
}
Event: 348.597 GC heap before
{Heap before GC invocations=39 (full 3):
 PSYoungGen      total 34304K, used 32495K [0x00000000e0000000, 0x00000000e3500000, 0x0000000100000000)
  eden space 17408K, 100% used [0x00000000e0000000,0x00000000e1100000,0x00000000e1100000)
  from space 16896K, 89% used [0x00000000e1100000,0x00000000e1fbbfc0,0x00000000e2180000)
  to   space 18432K, 0% used [0x00000000e2300000,0x00000000e2300000,0x00000000e3500000)
 ParOldGen       total 51712K, used 31855K [0x00000000a0000000, 0x00000000a3280000, 0x00000000e0000000)
  object space 51712K, 61% used [0x00000000a0000000,0x00000000a1f1bcf8,0x00000000a3280000)
 Metaspace       used 63610K, capacity 65476K, committed 65624K, reserved 1105920K
  class space    used 8539K, capacity 8965K, committed 9088K, reserved 1048576K
Event: 348.616 GC heap after
Heap after GC invocations=39 (full 3):
 PSYoungGen      total 34816K, used 13912K [0x00000000e0000000, 0x00000000e3700000, 0x0000000100000000)
  eden space 16384K, 0% used [0x00000000e0000000,0x00000000e0000000,0x00000000e1000000)
  from space 18432K, 75% used [0x00000000e2300000,0x00000000e3096070,0x00000000e3500000)
  to   space 19456K, 0% used [0x00000000e1000000,0x00000000e1000000,0x00000000e2300000)
 ParOldGen       total 51712K, used 31863K [0x00000000a0000000, 0x00000000a3280000, 0x00000000e0000000)
  object space 51712K, 61% used [0x00000000a0000000,0x00000000a1f1dcf8,0x00000000a3280000)
 Metaspace       used 63610K, capacity 65476K, committed 65624K, reserved 1105920K
  class space    used 8539K, capacity 8965K, committed 9088K, reserved 1048576K
}

